<?xml version="1.0" encoding="UTF-8"?>
<coverage generated="1699999849375" clover="3.2.0">
  <project timestamp="1699999849375" name="All files">
    <metrics statements="90" coveredstatements="87" conditionals="30" coveredconditionals="28" methods="33" coveredmethods="31" elements="153" coveredelements="146" complexity="0" loc="90" ncloc="90" packages="14" files="14" classes="14"/>
    <package name="src">
      <metrics statements="0" coveredstatements="0" conditionals="0" coveredconditionals="0" methods="0" coveredmethods="0"/>
      <file name="const.ts" path="/mnt/c28263e1-63fe-4a96-8b19-f806d918c58b/RS School/stage3/react2023q4/react2023q4/src/const.ts">
        <metrics statements="0" coveredstatements="0" conditionals="0" coveredconditionals="0" methods="0" coveredmethods="0"/>
      </file>
    </package>
    <package name="src.components.header">
      <metrics statements="1" coveredstatements="1" conditionals="0" coveredconditionals="0" methods="1" coveredmethods="1"/>
      <file name="header.tsx" path="/mnt/c28263e1-63fe-4a96-8b19-f806d918c58b/RS School/stage3/react2023q4/react2023q4/src/components/header/header.tsx">
        <metrics statements="1" coveredstatements="1" conditionals="0" coveredconditionals="0" methods="1" coveredmethods="1"/>
        <line num="5" count="2" type="stmt"/>
      </file>
    </package>
    <package name="src.components.hero-card">
      <metrics statements="11" coveredstatements="11" conditionals="2" coveredconditionals="2" methods="3" coveredmethods="3"/>
      <file name="hero-card.tsx" path="/mnt/c28263e1-63fe-4a96-8b19-f806d918c58b/RS School/stage3/react2023q4/react2023q4/src/components/hero-card/hero-card.tsx">
        <metrics statements="11" coveredstatements="11" conditionals="2" coveredconditionals="2" methods="3" coveredmethods="3"/>
        <line num="9" count="6" type="stmt"/>
        <line num="10" count="6" type="stmt"/>
        <line num="12" count="6" type="stmt"/>
        <line num="13" count="4" type="stmt"/>
        <line num="14" count="4" type="stmt"/>
        <line num="15" count="4" type="stmt"/>
        <line num="16" count="4" type="stmt"/>
        <line num="18" count="3" type="stmt"/>
        <line num="20" count="1" type="stmt"/>
        <line num="24" count="4" type="stmt"/>
        <line num="27" count="6" type="cond" truecount="2" falsecount="0"/>
      </file>
    </package>
    <package name="src.components.hero-item">
      <metrics statements="1" coveredstatements="1" conditionals="2" coveredconditionals="2" methods="1" coveredmethods="1"/>
      <file name="hero-item.tsx" path="/mnt/c28263e1-63fe-4a96-8b19-f806d918c58b/RS School/stage3/react2023q4/react2023q4/src/components/hero-item/hero-item.tsx">
        <metrics statements="1" coveredstatements="1" conditionals="2" coveredconditionals="2" methods="1" coveredmethods="1"/>
        <line num="12" count="7" type="stmt"/>
      </file>
    </package>
    <package name="src.components.input-limit">
      <metrics statements="4" coveredstatements="4" conditionals="0" coveredconditionals="0" methods="3" coveredmethods="3"/>
      <file name="input-limit.tsx" path="/mnt/c28263e1-63fe-4a96-8b19-f806d918c58b/RS School/stage3/react2023q4/react2023q4/src/components/input-limit/input-limit.tsx">
        <metrics statements="4" coveredstatements="4" conditionals="0" coveredconditionals="0" methods="3" coveredmethods="3"/>
        <line num="4" count="18" type="stmt"/>
        <line num="5" count="1" type="stmt"/>
        <line num="8" count="18" type="stmt"/>
        <line num="12" count="1" type="stmt"/>
      </file>
    </package>
    <package name="src.components.loader">
      <metrics statements="2" coveredstatements="2" conditionals="0" coveredconditionals="0" methods="1" coveredmethods="1"/>
      <file name="loader.tsx" path="/mnt/c28263e1-63fe-4a96-8b19-f806d918c58b/RS School/stage3/react2023q4/react2023q4/src/components/loader/loader.tsx">
        <metrics statements="2" coveredstatements="2" conditionals="0" coveredconditionals="0" methods="1" coveredmethods="1"/>
        <line num="1" count="1" type="stmt"/>
        <line num="2" count="5" type="stmt"/>
      </file>
    </package>
    <package name="src.components.main">
      <metrics statements="40" coveredstatements="39" conditionals="12" coveredconditionals="12" methods="10" coveredmethods="9"/>
      <file name="main.tsx" path="/mnt/c28263e1-63fe-4a96-8b19-f806d918c58b/RS School/stage3/react2023q4/react2023q4/src/components/main/main.tsx">
        <metrics statements="40" coveredstatements="39" conditionals="12" coveredconditionals="12" methods="10" coveredmethods="9"/>
        <line num="14" count="1" type="stmt"/>
        <line num="15" count="1" type="stmt"/>
        <line num="18" count="17" type="stmt"/>
        <line num="19" count="16" type="stmt"/>
        <line num="21" count="16" type="stmt"/>
        <line num="22" count="16" type="stmt"/>
        <line num="23" count="16" type="stmt"/>
        <line num="24" count="16" type="stmt"/>
        <line num="25" count="16" type="stmt"/>
        <line num="30" count="16" type="stmt"/>
        <line num="31" count="16" type="stmt"/>
        <line num="32" count="21" type="stmt"/>
        <line num="35" count="16" type="stmt"/>
        <line num="36" count="5" type="stmt"/>
        <line num="40" count="16" type="stmt"/>
        <line num="41" count="5" type="stmt"/>
        <line num="42" count="5" type="stmt"/>
        <line num="43" count="5" type="stmt"/>
        <line num="45" count="5" type="stmt"/>
        <line num="46" count="5" type="stmt"/>
        <line num="47" count="4" type="stmt"/>
        <line num="49" count="4" type="cond" truecount="2" falsecount="0"/>
        <line num="50" count="3" type="stmt"/>
        <line num="51" count="3" type="stmt"/>
        <line num="52" count="3" type="stmt"/>
        <line num="55" count="1" type="stmt"/>
        <line num="57" count="5" type="stmt"/>
        <line num="61" count="16" type="stmt"/>
        <line num="62" count="0" type="stmt"/>
        <line num="65" count="16" type="stmt"/>
        <line num="66" count="5" type="stmt"/>
        <line num="67" count="2" type="stmt"/>
        <line num="69" count="2" type="cond" truecount="2" falsecount="0"/>
        <line num="73" count="1" type="stmt"/>
        <line num="77" count="5" type="stmt"/>
        <line num="79" count="5" type="stmt"/>
        <line num="80" count="5" type="stmt"/>
        <line num="85" count="16" type="stmt"/>
        <line num="109" count="5" type="stmt"/>
        <line num="110" count="1" type="stmt"/>
      </file>
    </package>
    <package name="src.components.pagination">
      <metrics statements="6" coveredstatements="5" conditionals="10" coveredconditionals="9" methods="4" coveredmethods="3"/>
      <file name="pagination.tsx" path="/mnt/c28263e1-63fe-4a96-8b19-f806d918c58b/RS School/stage3/react2023q4/react2023q4/src/components/pagination/pagination.tsx">
        <metrics statements="6" coveredstatements="5" conditionals="10" coveredconditionals="9" methods="4" coveredmethods="3"/>
        <line num="5" count="6" type="cond" truecount="2" falsecount="0"/>
        <line num="7" count="6" type="stmt"/>
        <line num="8" count="1" type="stmt"/>
        <line num="11" count="6" type="stmt"/>
        <line num="19" count="0" type="stmt"/>
        <line num="46" count="1" type="stmt"/>
      </file>
    </package>
    <package name="src.components.search">
      <metrics statements="7" coveredstatements="7" conditionals="0" coveredconditionals="0" methods="4" coveredmethods="4"/>
      <file name="search.tsx" path="/mnt/c28263e1-63fe-4a96-8b19-f806d918c58b/RS School/stage3/react2023q4/react2023q4/src/components/search/search.tsx">
        <metrics statements="7" coveredstatements="7" conditionals="0" coveredconditionals="0" methods="4" coveredmethods="4"/>
        <line num="7" count="7" type="stmt"/>
        <line num="8" count="7" type="stmt"/>
        <line num="9" count="14" type="stmt"/>
        <line num="12" count="7" type="stmt"/>
        <line num="13" count="2" type="stmt"/>
        <line num="16" count="7" type="stmt"/>
        <line num="27" count="2" type="stmt"/>
      </file>
    </package>
    <package name="src.features.search">
      <metrics statements="4" coveredstatements="4" conditionals="2" coveredconditionals="2" methods="1" coveredmethods="1"/>
      <file name="searchSlice.ts" path="/mnt/c28263e1-63fe-4a96-8b19-f806d918c58b/RS School/stage3/react2023q4/react2023q4/src/features/search/searchSlice.ts">
        <metrics statements="4" coveredstatements="4" conditionals="2" coveredconditionals="2" methods="1" coveredmethods="1"/>
        <line num="3" count="4" type="stmt"/>
        <line num="7" count="4" type="stmt"/>
        <line num="12" count="3" type="stmt"/>
        <line num="17" count="4" type="stmt"/>
      </file>
    </package>
    <package name="src.layout">
      <metrics statements="1" coveredstatements="1" conditionals="0" coveredconditionals="0" methods="1" coveredmethods="1"/>
      <file name="layout.tsx" path="/mnt/c28263e1-63fe-4a96-8b19-f806d918c58b/RS School/stage3/react2023q4/react2023q4/src/layout/layout.tsx">
        <metrics statements="1" coveredstatements="1" conditionals="0" coveredconditionals="0" methods="1" coveredmethods="1"/>
        <line num="5" count="1" type="stmt"/>
      </file>
    </package>
    <package name="src.pages">
      <metrics statements="1" coveredstatements="1" conditionals="0" coveredconditionals="0" methods="1" coveredmethods="1"/>
      <file name="not-found.tsx" path="/mnt/c28263e1-63fe-4a96-8b19-f806d918c58b/RS School/stage3/react2023q4/react2023q4/src/pages/not-found.tsx">
        <metrics statements="1" coveredstatements="1" conditionals="0" coveredconditionals="0" methods="1" coveredmethods="1"/>
        <line num="4" count="2" type="stmt"/>
      </file>
    </package>
    <package name="src.store">
      <metrics statements="1" coveredstatements="1" conditionals="0" coveredconditionals="0" methods="0" coveredmethods="0"/>
      <file name="store.ts" path="/mnt/c28263e1-63fe-4a96-8b19-f806d918c58b/RS School/stage3/react2023q4/react2023q4/src/store/store.ts">
        <metrics statements="1" coveredstatements="1" conditionals="0" coveredconditionals="0" methods="0" coveredmethods="0"/>
        <line num="4" count="4" type="stmt"/>
      </file>
    </package>
    <package name="src.util.contextAPI">
      <metrics statements="11" coveredstatements="10" conditionals="2" coveredconditionals="1" methods="3" coveredmethods="3"/>
      <file name="hero-list.tsx" path="/mnt/c28263e1-63fe-4a96-8b19-f806d918c58b/RS School/stage3/react2023q4/react2023q4/src/util/contextAPI/hero-list.tsx">
        <metrics statements="11" coveredstatements="10" conditionals="2" coveredconditionals="1" methods="3" coveredmethods="3"/>
        <line num="16" count="2" type="stmt"/>
        <line num="22" count="2" type="stmt"/>
        <line num="24" count="2" type="stmt"/>
        <line num="27" count="1" type="stmt"/>
        <line num="29" count="1" type="stmt"/>
        <line num="34" count="1" type="stmt"/>
        <line num="41" count="2" type="stmt"/>
        <line num="42" count="22" type="stmt"/>
        <line num="44" count="22" type="cond" truecount="1" falsecount="1"/>
        <line num="45" count="0" type="stmt"/>
        <line num="48" count="22" type="stmt"/>
      </file>
    </package>
  </project>
</coverage>
