{"/mnt/c28263e1-63fe-4a96-8b19-f806d918c58b/RS School/stage3/react2023q4/react2023q4/src/const.ts": {"path":"/mnt/c28263e1-63fe-4a96-8b19-f806d918c58b/RS School/stage3/react2023q4/react2023q4/src/const.ts","statementMap":{},"fnMap":{},"branchMap":{},"s":{},"f":{},"b":{},"_coverageSchema":"1a1c01bbd47fc00a2c39e90264f33305004495a9","hash":"3ccef9351f27a421a71c721f15d3a37c4d194a32"}
,"/mnt/c28263e1-63fe-4a96-8b19-f806d918c58b/RS School/stage3/react2023q4/react2023q4/src/components/header/header.tsx": {"path":"/mnt/c28263e1-63fe-4a96-8b19-f806d918c58b/RS School/stage3/react2023q4/react2023q4/src/components/header/header.tsx","statementMap":{"0":{"start":{"line":5,"column":2},"end":{"line":9,"column":4}}},"fnMap":{"0":{"name":"Header","decl":{"start":{"line":4,"column":24},"end":{"line":4,"column":30}},"loc":{"start":{"line":4,"column":33},"end":{"line":10,"column":1}},"line":4}},"branchMap":{},"s":{"0":2},"f":{"0":2},"b":{},"_coverageSchema":"1a1c01bbd47fc00a2c39e90264f33305004495a9","hash":"cec471e9a5e116498117db91601638fadb15856e"}
,"/mnt/c28263e1-63fe-4a96-8b19-f806d918c58b/RS School/stage3/react2023q4/react2023q4/src/components/search/search.tsx": {"path":"/mnt/c28263e1-63fe-4a96-8b19-f806d918c58b/RS School/stage3/react2023q4/react2023q4/src/components/search/search.tsx","statementMap":{"0":{"start":{"line":5,"column":54},"end":{"line":5,"column":65}},"1":{"start":{"line":7,"column":28},"end":{"line":10,"column":3}},"2":{"start":{"line":8,"column":22},"end":{"line":8,"column":30}},"3":{"start":{"line":9,"column":4},"end":{"line":9,"column":42}},"4":{"start":{"line":12,"column":28},"end":{"line":14,"column":3}},"5":{"start":{"line":13,"column":4},"end":{"line":13,"column":63}},"6":{"start":{"line":16,"column":2},"end":{"line":37,"column":4}}},"fnMap":{"0":{"name":"Search","decl":{"start":{"line":4,"column":9},"end":{"line":4,"column":15}},"loc":{"start":{"line":4,"column":18},"end":{"line":38,"column":1}},"line":4},"1":{"name":"(anonymous_1)","decl":{"start":{"line":7,"column":28},"end":{"line":7,"column":29}},"loc":{"start":{"line":7,"column":72},"end":{"line":10,"column":3}},"line":7},"2":{"name":"(anonymous_2)","decl":{"start":{"line":12,"column":28},"end":{"line":12,"column":29}},"loc":{"start":{"line":12,"column":34},"end":{"line":14,"column":3}},"line":12}},"branchMap":{"0":{"loc":{"start":{"line":13,"column":25},"end":{"line":13,"column":61}},"type":"binary-expr","locations":[{"start":{"line":13,"column":25},"end":{"line":13,"column":55}},{"start":{"line":13,"column":59},"end":{"line":13,"column":61}}],"line":13}},"s":{"0":2,"1":2,"2":0,"3":0,"4":2,"5":0,"6":2},"f":{"0":2,"1":0,"2":0},"b":{"0":[0,0]},"_coverageSchema":"1a1c01bbd47fc00a2c39e90264f33305004495a9","hash":"f8d4382443b086ecb4c2d40d16cb75e4ade1e1a2"}
,"/mnt/c28263e1-63fe-4a96-8b19-f806d918c58b/RS School/stage3/react2023q4/react2023q4/src/layout/layout.tsx": {"path":"/mnt/c28263e1-63fe-4a96-8b19-f806d918c58b/RS School/stage3/react2023q4/react2023q4/src/layout/layout.tsx","statementMap":{"0":{"start":{"line":5,"column":2},"end":{"line":10,"column":4}}},"fnMap":{"0":{"name":"Layout","decl":{"start":{"line":4,"column":9},"end":{"line":4,"column":15}},"loc":{"start":{"line":4,"column":31},"end":{"line":11,"column":1}},"line":4}},"branchMap":{},"s":{"0":1},"f":{"0":1},"b":{},"_coverageSchema":"1a1c01bbd47fc00a2c39e90264f33305004495a9","hash":"58d49848ff2ea02c17c80148aea207995ac117dd"}
,"/mnt/c28263e1-63fe-4a96-8b19-f806d918c58b/RS School/stage3/react2023q4/react2023q4/src/pages/not-found.tsx": {"path":"/mnt/c28263e1-63fe-4a96-8b19-f806d918c58b/RS School/stage3/react2023q4/react2023q4/src/pages/not-found.tsx","statementMap":{"0":{"start":{"line":4,"column":2},"end":{"line":11,"column":4}}},"fnMap":{"0":{"name":"PageNotFound","decl":{"start":{"line":3,"column":9},"end":{"line":3,"column":21}},"loc":{"start":{"line":3,"column":24},"end":{"line":12,"column":1}},"line":3}},"branchMap":{},"s":{"0":2},"f":{"0":2},"b":{},"_coverageSchema":"1a1c01bbd47fc00a2c39e90264f33305004495a9","hash":"994edf0fab23afa95d017fdc2d0773c701a64d3e"}
,"/mnt/c28263e1-63fe-4a96-8b19-f806d918c58b/RS School/stage3/react2023q4/react2023q4/src/util/contextAPI/header-search-value.tsx": {"path":"/mnt/c28263e1-63fe-4a96-8b19-f806d918c58b/RS School/stage3/react2023q4/react2023q4/src/util/contextAPI/header-search-value.tsx","statementMap":{"0":{"start":{"line":12,"column":21},"end":{"line":15,"column":1}},"1":{"start":{"line":17,"column":26},"end":{"line":17,"column":70}},"2":{"start":{"line":19,"column":69},"end":{"line":36,"column":1}},"3":{"start":{"line":22,"column":52},"end":{"line":24,"column":3}},"4":{"start":{"line":26,"column":23},"end":{"line":29,"column":3}},"5":{"start":{"line":31,"column":2},"end":{"line":35,"column":4}},"6":{"start":{"line":38,"column":25},"end":{"line":46,"column":1}},"7":{"start":{"line":39,"column":18},"end":{"line":39,"column":47}},"8":{"start":{"line":41,"column":2},"end":{"line":43,"column":3}},"9":{"start":{"line":42,"column":4},"end":{"line":42,"column":73}},"10":{"start":{"line":45,"column":2},"end":{"line":45,"column":17}}},"fnMap":{"0":{"name":"(anonymous_0)","decl":{"start":{"line":14,"column":24},"end":{"line":14,"column":25}},"loc":{"start":{"line":14,"column":30},"end":{"line":14,"column":32}},"line":14},"1":{"name":"(anonymous_1)","decl":{"start":{"line":19,"column":69},"end":{"line":19,"column":70}},"loc":{"start":{"line":21,"column":6},"end":{"line":36,"column":1}},"line":21},"2":{"name":"(anonymous_2)","decl":{"start":{"line":38,"column":25},"end":{"line":38,"column":26}},"loc":{"start":{"line":38,"column":31},"end":{"line":46,"column":1}},"line":38}},"branchMap":{"0":{"loc":{"start":{"line":23,"column":4},"end":{"line":23,"column":40}},"type":"binary-expr","locations":[{"start":{"line":23,"column":4},"end":{"line":23,"column":34}},{"start":{"line":23,"column":38},"end":{"line":23,"column":40}}],"line":23},"1":{"loc":{"start":{"line":41,"column":2},"end":{"line":43,"column":3}},"type":"if","locations":[{"start":{"line":41,"column":2},"end":{"line":43,"column":3}},{"start":{},"end":{}}],"line":41}},"s":{"0":2,"1":2,"2":2,"3":0,"4":0,"5":0,"6":2,"7":2,"8":2,"9":0,"10":2},"f":{"0":0,"1":0,"2":2},"b":{"0":[0,0],"1":[0,2]},"_coverageSchema":"1a1c01bbd47fc00a2c39e90264f33305004495a9","hash":"5c6bd1ddff93f0b377fc55e0b038320aea81f039"}
}
