{"/mnt/c28263e1-63fe-4a96-8b19-f806d918c58b/RS School/stage3/react2023q4/react2023q4/src/const.ts": {"path":"/mnt/c28263e1-63fe-4a96-8b19-f806d918c58b/RS School/stage3/react2023q4/react2023q4/src/const.ts","statementMap":{},"fnMap":{},"branchMap":{},"s":{},"f":{},"b":{},"_coverageSchema":"1a1c01bbd47fc00a2c39e90264f33305004495a9","hash":"3ccef9351f27a421a71c721f15d3a37c4d194a32"}
,"/mnt/c28263e1-63fe-4a96-8b19-f806d918c58b/RS School/stage3/react2023q4/react2023q4/src/components/header/header.tsx": {"path":"/mnt/c28263e1-63fe-4a96-8b19-f806d918c58b/RS School/stage3/react2023q4/react2023q4/src/components/header/header.tsx","statementMap":{"0":{"start":{"line":5,"column":2},"end":{"line":9,"column":4}}},"fnMap":{"0":{"name":"Header","decl":{"start":{"line":4,"column":24},"end":{"line":4,"column":30}},"loc":{"start":{"line":4,"column":33},"end":{"line":10,"column":1}},"line":4}},"branchMap":{},"s":{"0":2},"f":{"0":2},"b":{},"_coverageSchema":"1a1c01bbd47fc00a2c39e90264f33305004495a9","hash":"cec471e9a5e116498117db91601638fadb15856e"}
,"/mnt/c28263e1-63fe-4a96-8b19-f806d918c58b/RS School/stage3/react2023q4/react2023q4/src/components/hero-card/hero-card.tsx": {"path":"/mnt/c28263e1-63fe-4a96-8b19-f806d918c58b/RS School/stage3/react2023q4/react2023q4/src/components/hero-card/hero-card.tsx","statementMap":{"0":{"start":{"line":9,"column":21},"end":{"line":9,"column":34}},"1":{"start":{"line":10,"column":26},"end":{"line":10,"column":53}},"2":{"start":{"line":12,"column":2},"end":{"line":25,"column":20}},"3":{"start":{"line":13,"column":4},"end":{"line":13,"column":18}},"4":{"start":{"line":14,"column":24},"end":{"line":22,"column":5}},"5":{"start":{"line":15,"column":6},"end":{"line":21,"column":7}},"6":{"start":{"line":16,"column":23},"end":{"line":16,"column":59}},"7":{"start":{"line":18,"column":8},"end":{"line":18,"column":43}},"8":{"start":{"line":20,"column":8},"end":{"line":20,"column":53}},"9":{"start":{"line":24,"column":4},"end":{"line":24,"column":18}},"10":{"start":{"line":27,"column":2},"end":{"line":66,"column":4}}},"fnMap":{"0":{"name":"HeroCard","decl":{"start":{"line":8,"column":9},"end":{"line":8,"column":17}},"loc":{"start":{"line":8,"column":20},"end":{"line":67,"column":1}},"line":8},"1":{"name":"(anonymous_1)","decl":{"start":{"line":12,"column":12},"end":{"line":12,"column":13}},"loc":{"start":{"line":12,"column":18},"end":{"line":25,"column":3}},"line":12},"2":{"name":"(anonymous_2)","decl":{"start":{"line":14,"column":24},"end":{"line":14,"column":25}},"loc":{"start":{"line":14,"column":36},"end":{"line":22,"column":5}},"line":14}},"branchMap":{"0":{"loc":{"start":{"line":27,"column":9},"end":{"line":66,"column":3}},"type":"cond-expr","locations":[{"start":{"line":28,"column":4},"end":{"line":41,"column":10}},{"start":{"line":43,"column":4},"end":{"line":65,"column":7}}],"line":27}},"s":{"0":6,"1":6,"2":6,"3":4,"4":4,"5":4,"6":4,"7":3,"8":1,"9":4,"10":6},"f":{"0":6,"1":4,"2":4},"b":{"0":[4,2]},"_coverageSchema":"1a1c01bbd47fc00a2c39e90264f33305004495a9","hash":"50a716157a12383668f6d489663ed04e8c353998"}
,"/mnt/c28263e1-63fe-4a96-8b19-f806d918c58b/RS School/stage3/react2023q4/react2023q4/src/components/hero-item/hero-item.tsx": {"path":"/mnt/c28263e1-63fe-4a96-8b19-f806d918c58b/RS School/stage3/react2023q4/react2023q4/src/components/hero-item/hero-item.tsx","statementMap":{"0":{"start":{"line":12,"column":2},"end":{"line":29,"column":4}}},"fnMap":{"0":{"name":"HeroItem","decl":{"start":{"line":11,"column":24},"end":{"line":11,"column":32}},"loc":{"start":{"line":11,"column":64},"end":{"line":30,"column":1}},"line":11}},"branchMap":{"0":{"loc":{"start":{"line":25,"column":11},"end":{"line":25,"column":32}},"type":"binary-expr","locations":[{"start":{"line":25,"column":11},"end":{"line":25,"column":17}},{"start":{"line":25,"column":21},"end":{"line":25,"column":32}}],"line":25}},"s":{"0":7},"f":{"0":7},"b":{"0":[7,7]},"_coverageSchema":"1a1c01bbd47fc00a2c39e90264f33305004495a9","hash":"1372fd5347fb17faa29d208ce160421c6507477b"}
,"/mnt/c28263e1-63fe-4a96-8b19-f806d918c58b/RS School/stage3/react2023q4/react2023q4/src/components/input-limit/input-limit.tsx": {"path":"/mnt/c28263e1-63fe-4a96-8b19-f806d918c58b/RS School/stage3/react2023q4/react2023q4/src/components/input-limit/input-limit.tsx","statementMap":{"0":{"start":{"line":4,"column":28},"end":{"line":6,"column":3}},"1":{"start":{"line":5,"column":4},"end":{"line":5,"column":28}},"2":{"start":{"line":8,"column":2},"end":{"line":29,"column":4}},"3":{"start":{"line":12,"column":25},"end":{"line":12,"column":66}}},"fnMap":{"0":{"name":"InputLimit","decl":{"start":{"line":3,"column":9},"end":{"line":3,"column":19}},"loc":{"start":{"line":3,"column":56},"end":{"line":30,"column":1}},"line":3},"1":{"name":"(anonymous_1)","decl":{"start":{"line":4,"column":28},"end":{"line":4,"column":29}},"loc":{"start":{"line":4,"column":50},"end":{"line":6,"column":3}},"line":4},"2":{"name":"(anonymous_2)","decl":{"start":{"line":12,"column":18},"end":{"line":12,"column":19}},"loc":{"start":{"line":12,"column":25},"end":{"line":12,"column":66}},"line":12}},"branchMap":{},"s":{"0":18,"1":1,"2":18,"3":1},"f":{"0":18,"1":1,"2":1},"b":{},"_coverageSchema":"1a1c01bbd47fc00a2c39e90264f33305004495a9","hash":"ac0a24b2fbd364ada8a936414cce5b751b7554a7"}
,"/mnt/c28263e1-63fe-4a96-8b19-f806d918c58b/RS School/stage3/react2023q4/react2023q4/src/components/loader/loader.tsx": {"path":"/mnt/c28263e1-63fe-4a96-8b19-f806d918c58b/RS School/stage3/react2023q4/react2023q4/src/components/loader/loader.tsx","statementMap":{"0":{"start":{"line":1,"column":22},"end":{"line":8,"column":1}},"1":{"start":{"line":2,"column":2},"end":{"line":7,"column":4}}},"fnMap":{"0":{"name":"(anonymous_0)","decl":{"start":{"line":1,"column":22},"end":{"line":1,"column":23}},"loc":{"start":{"line":1,"column":28},"end":{"line":8,"column":1}},"line":1}},"branchMap":{},"s":{"0":1,"1":5},"f":{"0":5},"b":{},"_coverageSchema":"1a1c01bbd47fc00a2c39e90264f33305004495a9","hash":"f8c9a0f0f2ac7a8a61ff2795a018dd32bec46fc8"}
,"/mnt/c28263e1-63fe-4a96-8b19-f806d918c58b/RS School/stage3/react2023q4/react2023q4/src/components/main/main.tsx": {"path":"/mnt/c28263e1-63fe-4a96-8b19-f806d918c58b/RS School/stage3/react2023q4/react2023q4/src/components/main/main.tsx","statementMap":{"0":{"start":{"line":13,"column":21},"end":{"line":13,"column":22}},"1":{"start":{"line":14,"column":19},"end":{"line":14,"column":21}},"2":{"start":{"line":17,"column":19},"end":{"line":17,"column":32}},"3":{"start":{"line":18,"column":23},"end":{"line":18,"column":53}},"4":{"start":{"line":19,"column":32},"end":{"line":19,"column":43}},"5":{"start":{"line":20,"column":26},"end":{"line":20,"column":38}},"6":{"start":{"line":21,"column":32},"end":{"line":21,"column":47}},"7":{"start":{"line":22,"column":40},"end":{"line":22,"column":62}},"8":{"start":{"line":23,"column":28},"end":{"line":23,"column":48}},"9":{"start":{"line":24,"column":26},"end":{"line":28,"column":4}},"10":{"start":{"line":29,"column":24},"end":{"line":29,"column":37}},"11":{"start":{"line":31,"column":2},"end":{"line":34,"column":33}},"12":{"start":{"line":32,"column":4},"end":{"line":32,"column":34}},"13":{"start":{"line":36,"column":27},"end":{"line":55,"column":3}},"14":{"start":{"line":37,"column":4},"end":{"line":37,"column":21}},"15":{"start":{"line":38,"column":4},"end":{"line":38,"column":25}},"16":{"start":{"line":39,"column":4},"end":{"line":39,"column":38}},"17":{"start":{"line":41,"column":4},"end":{"line":54,"column":5}},"18":{"start":{"line":42,"column":21},"end":{"line":42,"column":64}},"19":{"start":{"line":43,"column":6},"end":{"line":43,"column":22}},"20":{"start":{"line":45,"column":6},"end":{"line":49,"column":7}},"21":{"start":{"line":46,"column":8},"end":{"line":46,"column":48}},"22":{"start":{"line":47,"column":8},"end":{"line":47,"column":35}},"23":{"start":{"line":48,"column":8},"end":{"line":48,"column":29}},"24":{"start":{"line":51,"column":6},"end":{"line":51,"column":51}},"25":{"start":{"line":53,"column":6},"end":{"line":53,"column":24}},"26":{"start":{"line":57,"column":28},"end":{"line":59,"column":3}},"27":{"start":{"line":58,"column":4},"end":{"line":58,"column":23}},"28":{"start":{"line":61,"column":2},"end":{"line":79,"column":9}},"29":{"start":{"line":62,"column":34},"end":{"line":71,"column":5}},"30":{"start":{"line":63,"column":21},"end":{"line":63,"column":48}},"31":{"start":{"line":65,"column":6},"end":{"line":70,"column":7}},"32":{"start":{"line":69,"column":8},"end":{"line":69,"column":22}},"33":{"start":{"line":73,"column":4},"end":{"line":73,"column":62}},"34":{"start":{"line":75,"column":4},"end":{"line":77,"column":6}},"35":{"start":{"line":76,"column":6},"end":{"line":76,"column":67}},"36":{"start":{"line":81,"column":2},"end":{"line":127,"column":4}},"37":{"start":{"line":105,"column":18},"end":{"line":116,"column":23}},"38":{"start":{"line":106,"column":35},"end":{"line":106,"column":52}}},"fnMap":{"0":{"name":"Main","decl":{"start":{"line":16,"column":24},"end":{"line":16,"column":28}},"loc":{"start":{"line":16,"column":31},"end":{"line":128,"column":1}},"line":16},"1":{"name":"(anonymous_1)","decl":{"start":{"line":31,"column":12},"end":{"line":31,"column":13}},"loc":{"start":{"line":31,"column":18},"end":{"line":34,"column":3}},"line":31},"2":{"name":"(anonymous_2)","decl":{"start":{"line":36,"column":27},"end":{"line":36,"column":28}},"loc":{"start":{"line":36,"column":51},"end":{"line":55,"column":3}},"line":36},"3":{"name":"(anonymous_3)","decl":{"start":{"line":57,"column":28},"end":{"line":57,"column":29}},"loc":{"start":{"line":57,"column":50},"end":{"line":59,"column":3}},"line":57},"4":{"name":"(anonymous_4)","decl":{"start":{"line":61,"column":12},"end":{"line":61,"column":13}},"loc":{"start":{"line":61,"column":18},"end":{"line":79,"column":3}},"line":61},"5":{"name":"(anonymous_5)","decl":{"start":{"line":62,"column":34},"end":{"line":62,"column":35}},"loc":{"start":{"line":62,"column":57},"end":{"line":71,"column":5}},"line":62},"6":{"name":"(anonymous_6)","decl":{"start":{"line":75,"column":11},"end":{"line":75,"column":12}},"loc":{"start":{"line":75,"column":17},"end":{"line":77,"column":5}},"line":75},"7":{"name":"(anonymous_7)","decl":{"start":{"line":104,"column":25},"end":{"line":104,"column":26}},"loc":{"start":{"line":105,"column":18},"end":{"line":116,"column":23}},"line":105},"8":{"name":"(anonymous_8)","decl":{"start":{"line":106,"column":29},"end":{"line":106,"column":30}},"loc":{"start":{"line":106,"column":35},"end":{"line":106,"column":52}},"line":106}},"branchMap":{"0":{"loc":{"start":{"line":45,"column":6},"end":{"line":49,"column":7}},"type":"if","locations":[{"start":{"line":45,"column":6},"end":{"line":49,"column":7}},{"start":{},"end":{}}],"line":45},"1":{"loc":{"start":{"line":65,"column":6},"end":{"line":70,"column":7}},"type":"if","locations":[{"start":{"line":65,"column":6},"end":{"line":70,"column":7}},{"start":{},"end":{}}],"line":65},"2":{"loc":{"start":{"line":66,"column":8},"end":{"line":67,"column":65}},"type":"binary-expr","locations":[{"start":{"line":66,"column":8},"end":{"line":66,"column":28}},{"start":{"line":67,"column":8},"end":{"line":67,"column":65}}],"line":66},"3":{"loc":{"start":{"line":86,"column":11},"end":{"line":92,"column":11}},"type":"binary-expr","locations":[{"start":{"line":86,"column":11},"end":{"line":86,"column":26}},{"start":{"line":87,"column":12},"end":{"line":91,"column":14}}],"line":86},"4":{"loc":{"start":{"line":95,"column":9},"end":{"line":123,"column":9}},"type":"cond-expr","locations":[{"start":{"line":96,"column":10},"end":{"line":96,"column":20}},{"start":{"line":98,"column":10},"end":{"line":122,"column":13}}],"line":95},"5":{"loc":{"start":{"line":103,"column":15},"end":{"line":120,"column":15}},"type":"cond-expr","locations":[{"start":{"line":104,"column":16},"end":{"line":117,"column":18}},{"start":{"line":119,"column":16},"end":{"line":119,"column":72}}],"line":103}},"s":{"0":1,"1":1,"2":17,"3":16,"4":16,"5":16,"6":16,"7":16,"8":16,"9":16,"10":16,"11":16,"12":5,"13":16,"14":5,"15":5,"16":5,"17":5,"18":5,"19":4,"20":4,"21":3,"22":3,"23":3,"24":1,"25":5,"26":16,"27":0,"28":16,"29":5,"30":2,"31":2,"32":1,"33":5,"34":5,"35":5,"36":16,"37":5,"38":1},"f":{"0":17,"1":5,"2":5,"3":0,"4":5,"5":2,"6":5,"7":5,"8":1},"b":{"0":[3,1],"1":[1,1],"2":[2,2],"3":[16,4],"4":[5,11],"5":[4,7]},"_coverageSchema":"1a1c01bbd47fc00a2c39e90264f33305004495a9","hash":"c44aaf144b38e071c18e437bc264283085a81e01"}
,"/mnt/c28263e1-63fe-4a96-8b19-f806d918c58b/RS School/stage3/react2023q4/react2023q4/src/components/pagination/pagination.tsx": {"path":"/mnt/c28263e1-63fe-4a96-8b19-f806d918c58b/RS School/stage3/react2023q4/react2023q4/src/components/pagination/pagination.tsx","statementMap":{"0":{"start":{"line":5,"column":19},"end":{"line":5,"column":72}},"1":{"start":{"line":7,"column":27},"end":{"line":9,"column":3}},"2":{"start":{"line":8,"column":4},"end":{"line":8,"column":26}},"3":{"start":{"line":11,"column":2},"end":{"line":61,"column":4}},"4":{"start":{"line":19,"column":33},"end":{"line":19,"column":59}},"5":{"start":{"line":46,"column":33},"end":{"line":46,"column":59}}},"fnMap":{"0":{"name":"Pagination","decl":{"start":{"line":4,"column":9},"end":{"line":4,"column":19}},"loc":{"start":{"line":4,"column":72},"end":{"line":62,"column":1}},"line":4},"1":{"name":"(anonymous_1)","decl":{"start":{"line":7,"column":27},"end":{"line":7,"column":28}},"loc":{"start":{"line":7,"column":48},"end":{"line":9,"column":3}},"line":7},"2":{"name":"(anonymous_2)","decl":{"start":{"line":19,"column":27},"end":{"line":19,"column":28}},"loc":{"start":{"line":19,"column":33},"end":{"line":19,"column":59}},"line":19},"3":{"name":"(anonymous_3)","decl":{"start":{"line":46,"column":27},"end":{"line":46,"column":28}},"loc":{"start":{"line":46,"column":33},"end":{"line":46,"column":59}},"line":46}},"branchMap":{"0":{"loc":{"start":{"line":5,"column":19},"end":{"line":5,"column":72}},"type":"cond-expr","locations":[{"start":{"line":5,"column":37},"end":{"line":5,"column":68}},{"start":{"line":5,"column":71},"end":{"line":5,"column":72}}],"line":5},"1":{"loc":{"start":{"line":15,"column":11},"end":{"line":33,"column":11}},"type":"cond-expr","locations":[{"start":{"line":16,"column":12},"end":{"line":28,"column":15}},{"start":{"line":30,"column":12},"end":{"line":32,"column":17}}],"line":15},"2":{"loc":{"start":{"line":15,"column":11},"end":{"line":15,"column":50}},"type":"binary-expr","locations":[{"start":{"line":15,"column":11},"end":{"line":15,"column":38}},{"start":{"line":15,"column":42},"end":{"line":15,"column":50}}],"line":15},"3":{"loc":{"start":{"line":39,"column":11},"end":{"line":57,"column":11}},"type":"cond-expr","locations":[{"start":{"line":40,"column":12},"end":{"line":52,"column":15}},{"start":{"line":54,"column":12},"end":{"line":56,"column":17}}],"line":39},"4":{"loc":{"start":{"line":39,"column":11},"end":{"line":39,"column":53}},"type":"binary-expr","locations":[{"start":{"line":39,"column":11},"end":{"line":39,"column":34}},{"start":{"line":39,"column":38},"end":{"line":39,"column":53}}],"line":39}},"s":{"0":6,"1":6,"2":1,"3":6,"4":0,"5":1},"f":{"0":6,"1":1,"2":0,"3":1},"b":{"0":[2,4],"1":[0,6],"2":[6,6],"3":[2,4],"4":[6,6]},"_coverageSchema":"1a1c01bbd47fc00a2c39e90264f33305004495a9","hash":"131834ff184f503c2aa8902d871961c09ed69b5f"}
,"/mnt/c28263e1-63fe-4a96-8b19-f806d918c58b/RS School/stage3/react2023q4/react2023q4/src/components/search/search.tsx": {"path":"/mnt/c28263e1-63fe-4a96-8b19-f806d918c58b/RS School/stage3/react2023q4/react2023q4/src/components/search/search.tsx","statementMap":{"0":{"start":{"line":6,"column":54},"end":{"line":6,"column":65}},"1":{"start":{"line":7,"column":28},"end":{"line":7,"column":55}},"2":{"start":{"line":9,"column":28},"end":{"line":12,"column":3}},"3":{"start":{"line":10,"column":22},"end":{"line":10,"column":30}},"4":{"start":{"line":11,"column":4},"end":{"line":11,"column":20}},"5":{"start":{"line":14,"column":28},"end":{"line":17,"column":3}},"6":{"start":{"line":15,"column":4},"end":{"line":15,"column":42}},"7":{"start":{"line":16,"column":4},"end":{"line":16,"column":63}},"8":{"start":{"line":19,"column":2},"end":{"line":40,"column":4}}},"fnMap":{"0":{"name":"Search","decl":{"start":{"line":5,"column":9},"end":{"line":5,"column":15}},"loc":{"start":{"line":5,"column":18},"end":{"line":41,"column":1}},"line":5},"1":{"name":"(anonymous_1)","decl":{"start":{"line":9,"column":28},"end":{"line":9,"column":29}},"loc":{"start":{"line":9,"column":72},"end":{"line":12,"column":3}},"line":9},"2":{"name":"(anonymous_2)","decl":{"start":{"line":14,"column":28},"end":{"line":14,"column":29}},"loc":{"start":{"line":14,"column":34},"end":{"line":17,"column":3}},"line":14}},"branchMap":{"0":{"loc":{"start":{"line":16,"column":25},"end":{"line":16,"column":61}},"type":"binary-expr","locations":[{"start":{"line":16,"column":25},"end":{"line":16,"column":55}},{"start":{"line":16,"column":59},"end":{"line":16,"column":61}}],"line":16}},"s":{"0":7,"1":7,"2":7,"3":2,"4":2,"5":7,"6":2,"7":2,"8":7},"f":{"0":7,"1":2,"2":2},"b":{"0":[2,1]},"_coverageSchema":"1a1c01bbd47fc00a2c39e90264f33305004495a9","hash":"060808c33343b274f3a192c3eeaff29e8b6b0b13"}
,"/mnt/c28263e1-63fe-4a96-8b19-f806d918c58b/RS School/stage3/react2023q4/react2023q4/src/layout/layout.tsx": {"path":"/mnt/c28263e1-63fe-4a96-8b19-f806d918c58b/RS School/stage3/react2023q4/react2023q4/src/layout/layout.tsx","statementMap":{"0":{"start":{"line":5,"column":2},"end":{"line":10,"column":4}}},"fnMap":{"0":{"name":"Layout","decl":{"start":{"line":4,"column":9},"end":{"line":4,"column":15}},"loc":{"start":{"line":4,"column":31},"end":{"line":11,"column":1}},"line":4}},"branchMap":{},"s":{"0":1},"f":{"0":1},"b":{},"_coverageSchema":"1a1c01bbd47fc00a2c39e90264f33305004495a9","hash":"58d49848ff2ea02c17c80148aea207995ac117dd"}
,"/mnt/c28263e1-63fe-4a96-8b19-f806d918c58b/RS School/stage3/react2023q4/react2023q4/src/pages/not-found.tsx": {"path":"/mnt/c28263e1-63fe-4a96-8b19-f806d918c58b/RS School/stage3/react2023q4/react2023q4/src/pages/not-found.tsx","statementMap":{"0":{"start":{"line":4,"column":2},"end":{"line":11,"column":4}}},"fnMap":{"0":{"name":"PageNotFound","decl":{"start":{"line":3,"column":9},"end":{"line":3,"column":21}},"loc":{"start":{"line":3,"column":24},"end":{"line":12,"column":1}},"line":3}},"branchMap":{},"s":{"0":2},"f":{"0":2},"b":{},"_coverageSchema":"1a1c01bbd47fc00a2c39e90264f33305004495a9","hash":"994edf0fab23afa95d017fdc2d0773c701a64d3e"}
,"/mnt/c28263e1-63fe-4a96-8b19-f806d918c58b/RS School/stage3/react2023q4/react2023q4/src/util/contextAPI/header-search-value.tsx": {"path":"/mnt/c28263e1-63fe-4a96-8b19-f806d918c58b/RS School/stage3/react2023q4/react2023q4/src/util/contextAPI/header-search-value.tsx","statementMap":{"0":{"start":{"line":12,"column":21},"end":{"line":15,"column":1}},"1":{"start":{"line":17,"column":26},"end":{"line":17,"column":70}},"2":{"start":{"line":19,"column":69},"end":{"line":36,"column":1}},"3":{"start":{"line":22,"column":52},"end":{"line":24,"column":3}},"4":{"start":{"line":26,"column":23},"end":{"line":29,"column":3}},"5":{"start":{"line":31,"column":2},"end":{"line":35,"column":4}},"6":{"start":{"line":38,"column":25},"end":{"line":46,"column":1}},"7":{"start":{"line":39,"column":18},"end":{"line":39,"column":47}},"8":{"start":{"line":41,"column":2},"end":{"line":43,"column":3}},"9":{"start":{"line":42,"column":4},"end":{"line":42,"column":73}},"10":{"start":{"line":45,"column":2},"end":{"line":45,"column":17}}},"fnMap":{"0":{"name":"(anonymous_0)","decl":{"start":{"line":14,"column":24},"end":{"line":14,"column":25}},"loc":{"start":{"line":14,"column":30},"end":{"line":14,"column":32}},"line":14},"1":{"name":"(anonymous_1)","decl":{"start":{"line":19,"column":69},"end":{"line":19,"column":70}},"loc":{"start":{"line":21,"column":6},"end":{"line":36,"column":1}},"line":21},"2":{"name":"(anonymous_2)","decl":{"start":{"line":38,"column":25},"end":{"line":38,"column":26}},"loc":{"start":{"line":38,"column":31},"end":{"line":46,"column":1}},"line":38}},"branchMap":{"0":{"loc":{"start":{"line":23,"column":4},"end":{"line":23,"column":40}},"type":"binary-expr","locations":[{"start":{"line":23,"column":4},"end":{"line":23,"column":34}},{"start":{"line":23,"column":38},"end":{"line":23,"column":40}}],"line":23},"1":{"loc":{"start":{"line":41,"column":2},"end":{"line":43,"column":3}},"type":"if","locations":[{"start":{"line":41,"column":2},"end":{"line":43,"column":3}},{"start":{},"end":{}}],"line":41}},"s":{"0":4,"1":4,"2":4,"3":1,"4":1,"5":1,"6":4,"7":23,"8":23,"9":0,"10":23},"f":{"0":2,"1":1,"2":23},"b":{"0":[1,0],"1":[0,23]},"_coverageSchema":"1a1c01bbd47fc00a2c39e90264f33305004495a9","hash":"5c6bd1ddff93f0b377fc55e0b038320aea81f039"}
,"/mnt/c28263e1-63fe-4a96-8b19-f806d918c58b/RS School/stage3/react2023q4/react2023q4/src/util/contextAPI/hero-list.tsx": {"path":"/mnt/c28263e1-63fe-4a96-8b19-f806d918c58b/RS School/stage3/react2023q4/react2023q4/src/util/contextAPI/hero-list.tsx","statementMap":{"0":{"start":{"line":16,"column":21},"end":{"line":19,"column":1}},"1":{"start":{"line":22,"column":2},"end":{"line":22,"column":51}},"2":{"start":{"line":24,"column":65},"end":{"line":39,"column":1}},"3":{"start":{"line":27,"column":30},"end":{"line":27,"column":59}},"4":{"start":{"line":29,"column":23},"end":{"line":32,"column":3}},"5":{"start":{"line":34,"column":2},"end":{"line":38,"column":4}},"6":{"start":{"line":41,"column":27},"end":{"line":49,"column":1}},"7":{"start":{"line":42,"column":18},"end":{"line":42,"column":45}},"8":{"start":{"line":44,"column":2},"end":{"line":46,"column":3}},"9":{"start":{"line":45,"column":4},"end":{"line":45,"column":73}},"10":{"start":{"line":48,"column":2},"end":{"line":48,"column":17}}},"fnMap":{"0":{"name":"(anonymous_0)","decl":{"start":{"line":18,"column":13},"end":{"line":18,"column":14}},"loc":{"start":{"line":18,"column":19},"end":{"line":18,"column":21}},"line":18},"1":{"name":"(anonymous_1)","decl":{"start":{"line":24,"column":65},"end":{"line":24,"column":66}},"loc":{"start":{"line":26,"column":6},"end":{"line":39,"column":1}},"line":26},"2":{"name":"(anonymous_2)","decl":{"start":{"line":41,"column":27},"end":{"line":41,"column":28}},"loc":{"start":{"line":41,"column":33},"end":{"line":49,"column":1}},"line":41}},"branchMap":{"0":{"loc":{"start":{"line":44,"column":2},"end":{"line":46,"column":3}},"type":"if","locations":[{"start":{"line":44,"column":2},"end":{"line":46,"column":3}},{"start":{},"end":{}}],"line":44}},"s":{"0":2,"1":2,"2":2,"3":1,"4":1,"5":1,"6":2,"7":22,"8":22,"9":0,"10":22},"f":{"0":1,"1":1,"2":22},"b":{"0":[0,22]},"_coverageSchema":"1a1c01bbd47fc00a2c39e90264f33305004495a9","hash":"008a65137ab42700bada0cdd9c4cf2d9fee478a7"}
}
