TN:
SF:src/const.ts
FNF:0
FNH:0
LF:0
LH:0
BRF:0
BRH:0
end_of_record
TN:
SF:src/components/header/header.tsx
FN:4,Header
FNF:1
FNH:1
FNDA:2,Header
DA:5,2
LF:1
LH:1
BRF:0
BRH:0
end_of_record
TN:
SF:src/components/hero-card/hero-card.tsx
FN:8,HeroCard
FN:12,(anonymous_1)
FN:14,(anonymous_2)
FNF:3
FNH:3
FNDA:4,HeroCard
FNDA:3,(anonymous_1)
FNDA:3,(anonymous_2)
DA:9,4
DA:10,4
DA:12,4
DA:13,3
DA:14,3
DA:15,3
DA:16,3
DA:18,2
DA:20,1
DA:24,3
DA:27,4
LF:11
LH:11
BRDA:27,0,0,3
BRDA:27,0,1,1
BRF:2
BRH:2
end_of_record
TN:
SF:src/components/hero-item/hero-item.tsx
FN:11,HeroItem
FNF:1
FNH:1
FNDA:4,HeroItem
DA:12,4
LF:1
LH:1
BRDA:25,0,0,4
BRDA:25,0,1,4
BRF:2
BRH:2
end_of_record
TN:
SF:src/components/input-limit/input-limit.tsx
FN:3,InputLimit
FN:4,(anonymous_1)
FN:12,(anonymous_2)
FNF:3
FNH:3
FNDA:10,InputLimit
FNDA:1,(anonymous_1)
FNDA:1,(anonymous_2)
DA:4,10
DA:5,1
DA:8,10
DA:12,1
LF:4
LH:4
BRF:0
BRH:0
end_of_record
TN:
SF:src/components/loader/loader.tsx
FN:1,(anonymous_0)
FNF:1
FNH:1
FNDA:3,(anonymous_0)
DA:1,1
DA:2,3
LF:2
LH:2
BRF:0
BRH:0
end_of_record
TN:
SF:src/components/main/main.tsx
FN:16,Main
FN:31,(anonymous_1)
FN:36,(anonymous_2)
FN:57,(anonymous_3)
FN:61,(anonymous_4)
FN:62,(anonymous_5)
FN:75,(anonymous_6)
FN:104,(anonymous_7)
FN:106,(anonymous_8)
FNF:9
FNH:6
FNDA:9,Main
FNDA:3,(anonymous_1)
FNDA:3,(anonymous_2)
FNDA:0,(anonymous_3)
FNDA:3,(anonymous_4)
FNDA:0,(anonymous_5)
FNDA:3,(anonymous_6)
FNDA:2,(anonymous_7)
FNDA:0,(anonymous_8)
DA:13,1
DA:14,1
DA:17,9
DA:18,8
DA:19,8
DA:20,8
DA:21,8
DA:22,8
DA:23,8
DA:24,8
DA:29,8
DA:31,8
DA:32,3
DA:36,8
DA:37,3
DA:38,3
DA:39,3
DA:41,3
DA:42,3
DA:43,3
DA:45,3
DA:46,2
DA:47,2
DA:48,2
DA:51,0
DA:53,3
DA:57,8
DA:58,0
DA:61,8
DA:62,3
DA:63,0
DA:65,0
DA:69,0
DA:73,3
DA:75,3
DA:76,3
DA:81,8
DA:105,2
DA:106,0
LF:39
LH:33
BRDA:45,0,0,2
BRDA:45,0,1,1
BRDA:65,1,0,0
BRDA:65,1,1,0
BRDA:66,2,0,0
BRDA:66,2,1,0
BRDA:86,3,0,8
BRDA:86,3,1,1
BRDA:95,4,0,3
BRDA:95,4,1,5
BRDA:103,5,0,1
BRDA:103,5,1,4
BRF:12
BRH:8
end_of_record
TN:
SF:src/components/pagination/pagination.tsx
FN:4,Pagination
FN:7,(anonymous_1)
FN:19,(anonymous_2)
FN:46,(anonymous_3)
FNF:4
FNH:3
FNDA:3,Pagination
FNDA:1,(anonymous_1)
FNDA:0,(anonymous_2)
FNDA:1,(anonymous_3)
DA:5,3
DA:7,3
DA:8,1
DA:11,3
DA:19,0
DA:46,1
LF:6
LH:5
BRDA:5,0,0,2
BRDA:5,0,1,1
BRDA:15,1,0,0
BRDA:15,1,1,3
BRDA:15,2,0,3
BRDA:15,2,1,3
BRDA:39,3,0,2
BRDA:39,3,1,1
BRDA:39,4,0,3
BRDA:39,4,1,3
BRF:10
BRH:9
end_of_record
TN:
SF:src/components/search/search.tsx
FN:5,Search
FN:9,(anonymous_1)
FN:14,(anonymous_2)
FNF:3
FNH:3
FNDA:7,Search
FNDA:2,(anonymous_1)
FNDA:2,(anonymous_2)
DA:6,7
DA:7,7
DA:9,7
DA:10,2
DA:11,2
DA:14,7
DA:15,2
DA:16,2
DA:19,7
LF:9
LH:9
BRDA:16,0,0,2
BRDA:16,0,1,1
BRF:2
BRH:2
end_of_record
TN:
SF:src/layout/layout.tsx
FN:4,Layout
FNF:1
FNH:1
FNDA:1,Layout
DA:5,1
LF:1
LH:1
BRF:0
BRH:0
end_of_record
TN:
SF:src/pages/not-found.tsx
FN:3,PageNotFound
FNF:1
FNH:1
FNDA:2,PageNotFound
DA:4,2
LF:1
LH:1
BRF:0
BRH:0
end_of_record
TN:
SF:src/util/contextAPI/header-search-value.tsx
FN:14,(anonymous_0)
FN:19,(anonymous_1)
FN:38,(anonymous_2)
FNF:3
FNH:3
FNDA:2,(anonymous_0)
FNDA:1,(anonymous_1)
FNDA:15,(anonymous_2)
DA:12,4
DA:17,4
DA:19,4
DA:22,1
DA:26,1
DA:31,1
DA:38,4
DA:39,15
DA:41,15
DA:42,0
DA:45,15
LF:11
LH:10
BRDA:23,0,0,1
BRDA:23,0,1,0
BRDA:41,1,0,0
BRDA:41,1,1,15
BRF:4
BRH:2
end_of_record
TN:
SF:src/util/contextAPI/hero-list.tsx
FN:18,(anonymous_0)
FN:24,(anonymous_1)
FN:41,(anonymous_2)
FNF:3
FNH:1
FNDA:0,(anonymous_0)
FNDA:0,(anonymous_1)
FNDA:12,(anonymous_2)
DA:16,2
DA:22,2
DA:24,2
DA:27,0
DA:29,0
DA:34,0
DA:41,2
DA:42,12
DA:44,12
DA:45,0
DA:48,12
LF:11
LH:7
BRDA:44,0,0,0
BRDA:44,0,1,12
BRF:2
BRH:1
end_of_record
